Error: listen EADDRINUSE: address already in use :::5000
    at Server.setupListenHandle [as _listen2] (node:net:1907:16)
    at listenInCluster (node:net:1964:12)
    at Server.listen (node:net:2066:7)
    at Function.listen (E:\Asset management system\backend\node_modules\express\lib\application.js:635:24)
    at Object.<anonymous> (E:\Asset management system\backend\server.js:195:7)
    at Module._compile (node:internal/modules/cjs/loader:1546:14)
    at Object..js (node:internal/modules/cjs/loader:1689:10)
    at Module.load (node:internal/modules/cjs/loader:1318:32)
    at Function._load (node:internal/modules/cjs/loader:1128:12)
    at Object.<anonymous> (C:\Users\Tarushi Chaudhary\AppData\Roaming\npm\node_modules\pm2\lib\ProcessContainerFork.js:33:23) {
  code: 'EADDRINUSE',
  errno: -4091,
  syscall: 'listen',
  address: '::',
  port: 5000
}
Error: listen EADDRINUSE: address already in use :::5000
    at Server.setupListenHandle [as _listen2] (node:net:1907:16)
    at listenInCluster (node:net:1964:12)
    at Server.listen (node:net:2066:7)
    at Function.listen (E:\Asset management system\backend\node_modules\express\lib\application.js:635:24)
    at Object.<anonymous> (E:\Asset management system\backend\server.js:195:7)
    at Module._compile (node:internal/modules/cjs/loader:1546:14)
    at Object..js (node:internal/modules/cjs/loader:1689:10)
    at Module.load (node:internal/modules/cjs/loader:1318:32)
    at Function._load (node:internal/modules/cjs/loader:1128:12)
    at Object.<anonymous> (C:\Users\Tarushi Chaudhary\AppData\Roaming\npm\node_modules\pm2\lib\ProcessContainerFork.js:33:23) {
  code: 'EADDRINUSE',
  errno: -4091,
  syscall: 'listen',
  address: '::',
  port: 5000
}
Error: listen EADDRINUSE: address already in use :::5000
    at Server.setupListenHandle [as _listen2] (node:net:1907:16)
    at listenInCluster (node:net:1964:12)
    at Server.listen (node:net:2066:7)
    at Function.listen (E:\Asset management system\backend\node_modules\express\lib\application.js:635:24)
    at Object.<anonymous> (E:\Asset management system\backend\server.js:195:7)
    at Module._compile (node:internal/modules/cjs/loader:1546:14)
    at Object..js (node:internal/modules/cjs/loader:1689:10)
    at Module.load (node:internal/modules/cjs/loader:1318:32)
    at Function._load (node:internal/modules/cjs/loader:1128:12)
    at Object.<anonymous> (C:\Users\Tarushi Chaudhary\AppData\Roaming\npm\node_modules\pm2\lib\ProcessContainerFork.js:33:23) {
  code: 'EADDRINUSE',
  errno: -4091,
  syscall: 'listen',
  address: '::',
  port: 5000
}
Error: listen EADDRINUSE: address already in use :::5000
    at Server.setupListenHandle [as _listen2] (node:net:1907:16)
    at listenInCluster (node:net:1964:12)
    at Server.listen (node:net:2066:7)
    at Function.listen (E:\Asset management system\backend\node_modules\express\lib\application.js:635:24)
    at Object.<anonymous> (E:\Asset management system\backend\server.js:195:7)
    at Module._compile (node:internal/modules/cjs/loader:1546:14)
    at Object..js (node:internal/modules/cjs/loader:1689:10)
    at Module.load (node:internal/modules/cjs/loader:1318:32)
    at Function._load (node:internal/modules/cjs/loader:1128:12)
    at Object.<anonymous> (C:\Users\Tarushi Chaudhary\AppData\Roaming\npm\node_modules\pm2\lib\ProcessContainerFork.js:33:23) {
  code: 'EADDRINUSE',
  errno: -4091,
  syscall: 'listen',
  address: '::',
  port: 5000
}
Error: listen EADDRINUSE: address already in use :::5000
    at Server.setupListenHandle [as _listen2] (node:net:1907:16)
    at listenInCluster (node:net:1964:12)
    at Server.listen (node:net:2066:7)
    at Function.listen (E:\Asset management system\backend\node_modules\express\lib\application.js:635:24)
    at Object.<anonymous> (E:\Asset management system\backend\server.js:195:7)
    at Module._compile (node:internal/modules/cjs/loader:1546:14)
    at Object..js (node:internal/modules/cjs/loader:1689:10)
    at Module.load (node:internal/modules/cjs/loader:1318:32)
    at Function._load (node:internal/modules/cjs/loader:1128:12)
    at Object.<anonymous> (C:\Users\Tarushi Chaudhary\AppData\Roaming\npm\node_modules\pm2\lib\ProcessContainerFork.js:33:23) {
  code: 'EADDRINUSE',
  errno: -4091,
  syscall: 'listen',
  address: '::',
  port: 5000
}
Error: listen EADDRINUSE: address already in use :::5000
    at Server.setupListenHandle [as _listen2] (node:net:1907:16)
    at listenInCluster (node:net:1964:12)
    at Server.listen (node:net:2066:7)
    at Function.listen (E:\Asset management system\backend\node_modules\express\lib\application.js:635:24)
    at Object.<anonymous> (E:\Asset management system\backend\server.js:195:7)
    at Module._compile (node:internal/modules/cjs/loader:1546:14)
    at Object..js (node:internal/modules/cjs/loader:1689:10)
    at Module.load (node:internal/modules/cjs/loader:1318:32)
    at Function._load (node:internal/modules/cjs/loader:1128:12)
    at Object.<anonymous> (C:\Users\Tarushi Chaudhary\AppData\Roaming\npm\node_modules\pm2\lib\ProcessContainerFork.js:33:23) {
  code: 'EADDRINUSE',
  errno: -4091,
  syscall: 'listen',
  address: '::',
  port: 5000
}
Error: listen EADDRINUSE: address already in use :::5000
    at Server.setupListenHandle [as _listen2] (node:net:1907:16)
    at listenInCluster (node:net:1964:12)
    at Server.listen (node:net:2066:7)
    at Function.listen (E:\Asset management system\backend\node_modules\express\lib\application.js:635:24)
    at Object.<anonymous> (E:\Asset management system\backend\server.js:195:7)
    at Module._compile (node:internal/modules/cjs/loader:1546:14)
    at Object..js (node:internal/modules/cjs/loader:1689:10)
    at Module.load (node:internal/modules/cjs/loader:1318:32)
    at Function._load (node:internal/modules/cjs/loader:1128:12)
    at Object.<anonymous> (C:\Users\Tarushi Chaudhary\AppData\Roaming\npm\node_modules\pm2\lib\ProcessContainerFork.js:33:23) {
  code: 'EADDRINUSE',
  errno: -4091,
  syscall: 'listen',
  address: '::',
  port: 5000
}
Error: listen EADDRINUSE: address already in use :::5000
    at Server.setupListenHandle [as _listen2] (node:net:1907:16)
    at listenInCluster (node:net:1964:12)
    at Server.listen (node:net:2066:7)
    at Function.listen (E:\Asset management system\backend\node_modules\express\lib\application.js:635:24)
    at Object.<anonymous> (E:\Asset management system\backend\server.js:195:7)
    at Module._compile (node:internal/modules/cjs/loader:1546:14)
    at Object..js (node:internal/modules/cjs/loader:1689:10)
    at Module.load (node:internal/modules/cjs/loader:1318:32)
    at Function._load (node:internal/modules/cjs/loader:1128:12)
    at Object.<anonymous> (C:\Users\Tarushi Chaudhary\AppData\Roaming\npm\node_modules\pm2\lib\ProcessContainerFork.js:33:23) {
  code: 'EADDRINUSE',
  errno: -4091,
  syscall: 'listen',
  address: '::',
  port: 5000
}
Error: listen EADDRINUSE: address already in use :::5000
    at Server.setupListenHandle [as _listen2] (node:net:1907:16)
    at listenInCluster (node:net:1964:12)
    at Server.listen (node:net:2066:7)
    at Function.listen (E:\Asset management system\backend\node_modules\express\lib\application.js:635:24)
    at Object.<anonymous> (E:\Asset management system\backend\server.js:195:7)
    at Module._compile (node:internal/modules/cjs/loader:1546:14)
    at Object..js (node:internal/modules/cjs/loader:1689:10)
    at Module.load (node:internal/modules/cjs/loader:1318:32)
    at Function._load (node:internal/modules/cjs/loader:1128:12)
    at Object.<anonymous> (C:\Users\Tarushi Chaudhary\AppData\Roaming\npm\node_modules\pm2\lib\ProcessContainerFork.js:33:23) {
  code: 'EADDRINUSE',
  errno: -4091,
  syscall: 'listen',
  address: '::',
  port: 5000
}
Error: listen EADDRINUSE: address already in use :::5000
    at Server.setupListenHandle [as _listen2] (node:net:1907:16)
    at listenInCluster (node:net:1964:12)
    at Server.listen (node:net:2066:7)
    at Function.listen (E:\Asset management system\backend\node_modules\express\lib\application.js:635:24)
    at Object.<anonymous> (E:\Asset management system\backend\server.js:195:7)
    at Module._compile (node:internal/modules/cjs/loader:1546:14)
    at Object..js (node:internal/modules/cjs/loader:1689:10)
    at Module.load (node:internal/modules/cjs/loader:1318:32)
    at Function._load (node:internal/modules/cjs/loader:1128:12)
    at Object.<anonymous> (C:\Users\Tarushi Chaudhary\AppData\Roaming\npm\node_modules\pm2\lib\ProcessContainerFork.js:33:23) {
  code: 'EADDRINUSE',
  errno: -4091,
  syscall: 'listen',
  address: '::',
  port: 5000
}
